Tests run: 3, Failures: 0, Errors: 0, Skipped: 0, Time elapsed: 0.003 sec - in net.sourceforge.czt.util.DelegatorTest
Tests run: 3, Failures: 0, Errors: 0, Skipped: 0, Time elapsed: 0.001 sec - in net.sourceforge.czt.util.TermAnnTest
Tests run: 3, Failures: 0, Errors: 0, Skipped: 0, Time elapsed: 0.046 sec - in net.sourceforge.czt.session.SectionManagerTest
Tests run: 10, Failures: 0, Errors: 0, Skipped: 0, Time elapsed: 0.007 sec - in net.sourceforge.czt.session.DialectTest
Tests run: 13, Failures: 0, Errors: 0, Skipped: 0, Time elapsed: 0.015 sec - in net.sourceforge.czt.z.impl.AstTest
Tests run: 1, Failures: 0, Errors: 0, Skipped: 0, Time elapsed: 0.007 sec - in net.sourceforge.czt.z.util.ZUtilsTest
Tests run: 1, Failures: 0, Errors: 0, Skipped: 0, Time elapsed: 0.001 sec - in net.sourceforge.czt.z.util.OperatorNameTest
Tests run: 1, Failures: 0, Errors: 0, Skipped: 0, Time elapsed: 4.118 sec - in net.sourceforge.czt.z.jaxb.JaxbXmlWriterReaderTest
Tests run: 2, Failures: 0, Errors: 0, Skipped: 0, Time elapsed: 0.07 sec - in net.sourceforge.czt.zeves.util.DescriptionTest
Tests run: 1, Failures: 0, Errors: 0, Skipped: 0, Time elapsed: 0.922 sec - in net.sourceforge.czt.circus.jaxb.JaxbXmlWriterReaderTest
Tests run: 5, Failures: 0, Errors: 0, Skipped: 0, Time elapsed: 0.01 sec - in net.sourceforge.czt.circuspatt.impl.MockActionLawsTest
Tests run: 1, Failures: 0, Errors: 0, Skipped: 0, Time elapsed: 1.026 sec - in net.sourceforge.czt.circustime.jaxb.JaxbXmlWriterReaderTest
Tests run: 1, Failures: 0, Errors: 0, Skipped: 0, Time elapsed: 0.533 sec - in net.sourceforge.czt.circusconf.jaxb.JaxbXmlWriterReaderTest
Tests run: 12, Failures: 0, Errors: 0, Skipped: 0, Time elapsed: 0.044 sec - in net.sourceforge.czt.parser.z.DefaultZSectionParentsTest
Tests run: 21, Failures: 0, Errors: 0, Skipped: 0, Time elapsed: 6.583 sec - in net.sourceforge.czt.parser.z.LatexMarkupConverterTest
Tests run: 10, Failures: 0, Errors: 0, Skipped: 0, Time elapsed: 0.066 sec - in net.sourceforge.czt.parser.z.CyclicParentParserTest
Tests run: 15, Failures: 0, Errors: 0, Skipped: 0, Time elapsed: 3.012 sec - in net.sourceforge.czt.parser.z.LatexToUnicodeTest
Tests run: 8, Failures: 0, Errors: 0, Skipped: 0, Time elapsed: 0.407 sec - in net.sourceforge.czt.parser.z.ParserTest
Tests run: 7, Failures: 0, Errors: 0, Skipped: 0, Time elapsed: 0.004 sec - in net.sourceforge.czt.parser.z.SectFromSpecParserTest
Tests run: 7, Failures: 0, Errors: 0, Skipped: 0, Time elapsed: 0.003 sec - in net.sourceforge.czt.parser.z.UnicodeScannerTest
Tests run: 4, Failures: 0, Errors: 0, Skipped: 0, Time elapsed: 0 sec - in net.sourceforge.czt.parser.util.LatexMarkupFunctionTest
Tests run: 1, Failures: 0, Errors: 0, Skipped: 0, Time elapsed: 0.001 sec - in net.sourceforge.czt.parser.util.CyclicParserManagerTest
Tests run: 21, Failures: 0, Errors: 0, Skipped: 0, Time elapsed: 6.226 sec - in net.sourceforge.czt.print.z.ZmlPrinterTest
Tests run: 2, Failures: 0, Errors: 0, Skipped: 0, Time elapsed: 0.067 sec - in net.sourceforge.czt.print.z.PrecedenceParenAnnVisitorTest
Tests run: 13, Failures: 0, Errors: 0, Skipped: 0, Time elapsed: 0.082 sec - in net.sourceforge.czt.parser.zpatt.DefaultZPattSectionParentsTest
Tests run: 10, Failures: 0, Errors: 0, Skipped: 0, Time elapsed: 0.359 sec - in net.sourceforge.czt.parser.zpatt.CyclicParentParserTest
Tests run: 1, Failures: 0, Errors: 0, Skipped: 0, Time elapsed: 0.003 sec - in net.sourceforge.czt.parser.zeves.OnTheFlyParsingTest
Tests run: 46, Failures: 0, Errors: 0, Skipped: 0, Time elapsed: 18.427 sec - in net.sourceforge.czt.parser.zeves.ProofScriptParsingTest
Tests run: 10, Failures: 0, Errors: 0, Skipped: 0, Time elapsed: 0.072 sec - in net.sourceforge.czt.parser.zeves.CyclicParentParserTest
Tests run: 14, Failures: 0, Errors: 0, Skipped: 0, Time elapsed: 0.002 sec - in net.sourceforge.czt.parser.zeves.DefaultZEveSectionParentsTest
Tests run: 91, Failures: 0, Errors: 0, Skipped: 0, Time elapsed: 2.463 sec - in net.sourceforge.czt.parser.zeves.ScanningTest
Tests run: 10, Failures: 0, Errors: 0, Skipped: 0, Time elapsed: 0.501 sec - in net.sourceforge.czt.parser.oz.CyclicParentParserTest
Tests run: 15, Failures: 0, Errors: 0, Skipped: 0, Time elapsed: 5.413 sec - in net.sourceforge.czt.parser.oz.LatexToUnicodeTest
Tests run: 0, Failures: 0, Errors: 0, Skipped: 0, Time elapsed: 0 sec - in net.sourceforge.czt.parser.oz.ParserTest
Tests run: 13, Failures: 0, Errors: 0, Skipped: 0, Time elapsed: 0.003 sec - in net.sourceforge.czt.parser.oz.DefaultOZEveSectionParentsTest
Tests run: 10, Failures: 0, Errors: 0, Skipped: 0, Time elapsed: 0.489 sec - in net.sourceforge.czt.parser.ozpatt.CyclicParentParserTest
Tests run: 6, Failures: 0, Errors: 0, Skipped: 0, Time elapsed: 0.53 sec - in net.sourceforge.czt.parser.circus.ParserFailTest
Tests run: 10, Failures: 0, Errors: 0, Skipped: 0, Time elapsed: 0.153 sec - in net.sourceforge.czt.parser.circus.CyclicParentParserTest
Tests run: 32, Failures: 0, Errors: 0, Skipped: 0, Time elapsed: 1.683 sec - in net.sourceforge.czt.parser.circus.ParserTest
Tests run: 14, Failures: 0, Errors: 0, Skipped: 0, Time elapsed: 0.009 sec - in net.sourceforge.czt.parser.circus.DefaultCircusSectionParentsTest
Tests run: 1, Failures: 0, Errors: 0, Skipped: 0, Time elapsed: 0 sec - in net.sourceforge.czt.parser.circus.ParserUtilsTest
Tests run: 1, Failures: 0, Errors: 0, Skipped: 0, Time elapsed: 0.001 sec - in net.sourceforge.czt.parser.circus.SectionManagerCircusParserTest
Tests run: 0, Failures: 0, Errors: 0, Skipped: 0, Time elapsed: 0.002 sec - in net.sourceforge.czt.print.circus.PrintTest
Tests run: 1, Failures: 0, Errors: 0, Skipped: 0, Time elapsed: 0.006 sec - in net.sourceforge.czt.parser.circustime.SectionManagerCircusTimeParserTest
Tests run: 0, Failures: 0, Errors: 0, Skipped: 0, Time elapsed: 0.001 sec - in net.sourceforge.czt.parser.circustime.ParserFailTest
Tests run: 15, Failures: 0, Errors: 0, Skipped: 0, Time elapsed: 0.042 sec - in net.sourceforge.czt.parser.circustime.DefaultCircusTimeSectionParentsTest
Tests run: 10, Failures: 0, Errors: 0, Skipped: 0, Time elapsed: 0.43 sec - in net.sourceforge.czt.parser.circustime.CyclicParentParserTest
Tests run: 1, Failures: 0, Errors: 0, Skipped: 0, Time elapsed: 0.326 sec - in net.sourceforge.czt.parser.circustime.ParserTest
Tests run: 1, Failures: 0, Errors: 0, Skipped: 0, Time elapsed: 0.001 sec - in net.sourceforge.czt.parser.circustime.ParserUtilsTest
Tests run: 0, Failures: 0, Errors: 0, Skipped: 0, Time elapsed: 0.001 sec - in net.sourceforge.czt.print.circustime.PrintTest
Tests run: 3, Failures: 0, Errors: 0, Skipped: 0, Time elapsed: 0.032 sec - in net.sourceforge.czt.parser.circusconf.DefaultCircusConfSectionParentsTest
Tests run: 0, Failures: 0, Errors: 0, Skipped: 0, Time elapsed: 0.002 sec - in net.sourceforge.czt.parser.circusconf.ParserFailTest
Tests run: 1, Failures: 0, Errors: 0, Skipped: 0, Time elapsed: 0.003 sec - in net.sourceforge.czt.parser.circusconf.SectionManagerCircusConfParserTest
Tests run: 10, Failures: 0, Errors: 0, Skipped: 0, Time elapsed: 0.547 sec - in net.sourceforge.czt.parser.circusconf.CyclicParentParserTest
Tests run: 1, Failures: 0, Errors: 0, Skipped: 0, Time elapsed: 0.361 sec - in net.sourceforge.czt.parser.circusconf.ParserTest
Tests run: 1, Failures: 0, Errors: 0, Skipped: 0, Time elapsed: 0 sec - in net.sourceforge.czt.parser.circusconf.ParserUtilsTest
Tests run: 0, Failures: 0, Errors: 0, Skipped: 0, Time elapsed: 0.001 sec - in net.sourceforge.czt.print.circusconf.PrintTest
Tests run: 6, Failures: 0, Errors: 0, Skipped: 0, Time elapsed: 1.346 sec - in net.sourceforge.czt.typecheck.z.IdTest
Tests run: 6, Failures: 0, Errors: 0, Skipped: 0, Time elapsed: 0.089 sec - in net.sourceforge.czt.typecheck.z.TypeInferenceTest
Tests run: 327, Failures: 0, Errors: 0, Skipped: 0, Time elapsed: 1.743 sec - in net.sourceforge.czt.typecheck.z.TypeCheckerTest
Tests run: 10, Failures: 0, Errors: 0, Skipped: 0, Time elapsed: 0.12 sec - in net.sourceforge.czt.typecheck.z.CyclicParentTypeCheckerTest
Tests run: 2, Failures: 0, Errors: 0, Skipped: 0, Time elapsed: 0.005 sec - in net.sourceforge.czt.typecheck.util.UnificationEnvTest
Tests run: 39, Failures: 0, Errors: 0, Skipped: 0, Time elapsed: 12.021 sec - in net.sourceforge.czt.typecheck.zeves.TypeCheckerTest
Tests run: 10, Failures: 0, Errors: 0, Skipped: 0, Time elapsed: 0.106 sec - in net.sourceforge.czt.typecheck.zeves.CyclicParentTypeCheckerTest
Tests run: 337, Failures: 0, Errors: 0, Skipped: 0, Time elapsed: 6.055 sec - in net.sourceforge.czt.typecheck.oz.TypeCheckerTest
Tests run: 10, Failures: 0, Errors: 0, Skipped: 0, Time elapsed: 0.114 sec - in net.sourceforge.czt.typecheck.oz.CyclicParentTypeCheckerTest
Tests run: 66, Failures: 0, Errors: 0, Skipped: 0, Time elapsed: 3.531 sec - in net.sourceforge.czt.typecheck.circus.TypeCheckerTest
Tests run: 10, Failures: 0, Errors: 0, Skipped: 0, Time elapsed: 0.168 sec - in net.sourceforge.czt.typecheck.circus.CyclicParentTypeCheckerTest
Tests run: 3, Failures: 0, Errors: 0, Skipped: 0, Time elapsed: 1.626 sec - in net.sourceforge.czt.rules.prover.SimpleProverTest
Tests run: 4, Failures: 0, Errors: 0, Skipped: 0, Time elapsed: 2.895 sec - in net.sourceforge.czt.rules.TypeCheckRewriteTest
Tests run: 1, Failures: 0, Errors: 0, Skipped: 0, Time elapsed: 0.169 sec - in net.sourceforge.czt.rules.rewriter.StrategiesTest
Tests run: 32, Failures: 0, Errors: 0, Skipped: 0, Time elapsed: 1.555 sec - in net.sourceforge.czt.rules.rewriter.InnermostTest
Tests run: 2, Failures: 0, Errors: 0, Skipped: 0, Time elapsed: 1.849 sec - in net.sourceforge.czt.rules.unification.UnifierTest
Tests run: 5, Failures: 0, Errors: 0, Skipped: 0, Time elapsed: 0.002 sec - in net.sourceforge.czt.rules.unification.OccursCheckVisitorTest
Tests run: 2, Failures: 0, Errors: 0, Skipped: 0, Time elapsed: 1.033 sec - in net.sourceforge.czt.animation.eval.ExprComparatorTest
Tests run: 23, Failures: 0, Errors: 0, Skipped: 0, Time elapsed: 0.016 sec - in net.sourceforge.czt.animation.eval.EnvirTest
Tests run: 7, Failures: 0, Errors: 0, Skipped: 0, Time elapsed: 0.612 sec - in net.sourceforge.czt.animation.eval.ZLiveTest
Tests run: 4, Failures: 0, Errors: 0, Skipped: 0, Time elapsed: 0.001 sec - in net.sourceforge.czt.animation.eval.flatpred.FlatConstTest
Tests run: 2, Failures: 0, Errors: 0, Skipped: 0, Time elapsed: 0.104 sec - in net.sourceforge.czt.animation.eval.flatpred.FlatBindSelTest
Tests run: 11, Failures: 0, Errors: 0, Skipped: 0, Time elapsed: 0.078 sec - in net.sourceforge.czt.animation.eval.flatpred.FlatMultTest
Tests run: 9, Failures: 0, Errors: 0, Skipped: 0, Time elapsed: 0.003 sec - in net.sourceforge.czt.animation.eval.flatpred.FlatModTest
Tests run: 2, Failures: 0, Errors: 0, Skipped: 0, Time elapsed: 0.072 sec - in net.sourceforge.czt.animation.eval.flatpred.FlatBindingTest
Tests run: 23, Failures: 0, Errors: 0, Skipped: 0, Time elapsed: 0.016 sec - in net.sourceforge.czt.animation.eval.flatpred.BoundsTest
Tests run: 5, Failures: 0, Errors: 0, Skipped: 0, Time elapsed: 0.001 sec - in net.sourceforge.czt.animation.eval.flatpred.FlatLessThanTest
Tests run: 7, Failures: 0, Errors: 0, Skipped: 0, Time elapsed: 0.003 sec - in net.sourceforge.czt.animation.eval.flatpred.FlatCardTest
Tests run: 10, Failures: 0, Errors: 0, Skipped: 0, Time elapsed: 0.008 sec - in net.sourceforge.czt.animation.eval.flatpred.FlatDiscreteSetTest
Tests run: 5, Failures: 0, Errors: 0, Skipped: 0, Time elapsed: 0.005 sec - in net.sourceforge.czt.animation.eval.flatpred.FlatNegateTest
Tests run: 9, Failures: 0, Errors: 0, Skipped: 0, Time elapsed: 0.001 sec - in net.sourceforge.czt.animation.eval.flatpred.FlatDivTest
Tests run: 5, Failures: 0, Errors: 0, Skipped: 0, Time elapsed: 0.008 sec - in net.sourceforge.czt.animation.eval.flatpred.FlatEqualsTest
Tests run: 7, Failures: 0, Errors: 0, Skipped: 0, Time elapsed: 0 sec - in net.sourceforge.czt.animation.eval.flatpred.FlatTupleTest
Tests run: 2, Failures: 0, Errors: 0, Skipped: 0, Time elapsed: 0.067 sec - in net.sourceforge.czt.animation.eval.flatpred.FlatProdTest
Tests run: 3, Failures: 0, Errors: 0, Skipped: 0, Time elapsed: 0.076 sec - in net.sourceforge.czt.animation.eval.flatpred.FlatIfThenElseTest
Tests run: 10, Failures: 0, Errors: 0, Skipped: 0, Time elapsed: 0.003 sec - in net.sourceforge.czt.animation.eval.flatpred.FlatPlusTest
Tests run: 8, Failures: 0, Errors: 0, Skipped: 0, Time elapsed: 0.003 sec - in net.sourceforge.czt.animation.eval.flatpred.ModeTest
Tests run: 5, Failures: 0, Errors: 0, Skipped: 0, Time elapsed: 0.001 sec - in net.sourceforge.czt.animation.eval.flatpred.FlatLessThanEqualsTest
Tests run: 5, Failures: 0, Errors: 0, Skipped: 0, Time elapsed: 0.002 sec - in net.sourceforge.czt.animation.eval.flatpred.FlatMemberTest
Tests run: 2, Failures: 0, Errors: 0, Skipped: 0, Time elapsed: 0.025 sec - in net.sourceforge.czt.animation.eval.flatpred.FlatNotTest
Tests run: 3, Failures: 0, Errors: 0, Skipped: 0, Time elapsed: 0.047 sec - in net.sourceforge.czt.animation.eval.flatpred.FlatOrTest
Tests run: 11, Failures: 0, Errors: 0, Skipped: 0, Time elapsed: 0.009 sec - in net.sourceforge.czt.animation.eval.flatpred.FlatUnionTest
Tests run: 2, Failures: 0, Errors: 0, Skipped: 0, Time elapsed: 0.031 sec - in net.sourceforge.czt.animation.eval.flatpred.FlatTupleSelTest
Tests run: 4, Failures: 0, Errors: 0, Skipped: 0, Time elapsed: 0.036 sec - in net.sourceforge.czt.animation.eval.flatpred.FlatForallTest
Tests run: 3, Failures: 0, Errors: 0, Skipped: 0, Time elapsed: 0.095 sec - in net.sourceforge.czt.animation.eval.flatpred.FlatMuTest
Tests run: 14, Failures: 0, Errors: 0, Skipped: 0, Time elapsed: 0.006 sec - in net.sourceforge.czt.animation.eval.flatpred.FlatRangeSetTest
Tests run: 10, Failures: 0, Errors: 0, Skipped: 0, Time elapsed: 0.085 sec - in net.sourceforge.czt.animation.eval.flatpred.FlatSetCompTest
Tests run: 4, Failures: 0, Errors: 0, Skipped: 0, Time elapsed: 0.009 sec - in net.sourceforge.czt.animation.eval.result.RelSetTest
Tests run: 2, Failures: 0, Errors: 0, Skipped: 0, Time elapsed: 0 sec - in net.sourceforge.czt.animation.eval.result.DiscreteSetTest
Tests run: 4, Failures: 0, Errors: 0, Skipped: 0, Time elapsed: 0.001 sec - in net.sourceforge.czt.animation.eval.result.ProdSetTest
Tests run: 3, Failures: 0, Errors: 0, Skipped: 0, Time elapsed: 0.002 sec - in net.sourceforge.czt.animation.eval.result.PowerSetTest
Tests run: 3, Failures: 0, Errors: 0, Skipped: 0, Time elapsed: 0.02 sec - in net.sourceforge.czt.animation.eval.result.SetCompTest
Tests run: 25, Failures: 0, Errors: 0, Skipped: 0, Time elapsed: 0.006 sec - in net.sourceforge.czt.animation.eval.result.RangeSetTest
Tests run: 8, Failures: 0, Errors: 0, Skipped: 0, Time elapsed: 0.004 sec - in net.sourceforge.czt.animation.eval.EvalSetTest
Tests run: 11, Failures: 0, Errors: 0, Skipped: 0, Time elapsed: 0.013 sec - in net.sourceforge.czt.animation.gui.temp.ZTupleTest
Tests run: 4, Failures: 0, Errors: 0, Skipped: 0, Time elapsed: 0.002 sec - in net.sourceforge.czt.animation.gui.temp.ZNumberTest
Tests run: 9, Failures: 0, Errors: 0, Skipped: 0, Time elapsed: 0.009 sec - in net.sourceforge.czt.animation.gui.temp.ZBindingTest
Tests run: 7, Failures: 0, Errors: 0, Skipped: 0, Time elapsed: 0.004 sec - in net.sourceforge.czt.animation.gui.temp.ZGivenTest
Tests run: 11, Failures: 0, Errors: 0, Skipped: 0, Time elapsed: 0.081 sec - in net.sourceforge.czt.animation.gui.temp.ZSetTest
Tests run: 7, Failures: 0, Errors: 0, Skipped: 0, Time elapsed: 0.057 sec - in net.sourceforge.czt.animation.test.model.StepTreeTest
Tests run: 7, Failures: 0, Errors: 0, Skipped: 0, Time elapsed: 0.003 sec - in net.sourceforge.czt.animation.test.model.EvalSetResultTest
Tests run: 4, Failures: 0, Errors: 0, Skipped: 0, Time elapsed: 0.002 sec - in net.sourceforge.czt.animation.test.model.StepTest
Tests run: 27, Failures: 0, Errors: 0, Skipped: 0, Time elapsed: 1.482 sec - in net.sourceforge.czt.vcg.z.dc.DomainCheckerTest
Tests run: 0, Failures: 0, Errors: 0, Skipped: 0, Time elapsed: 0 sec - in net.sourceforge.czt.vcg.z.dc.DomainCheckerMondexTest
Tests run: 0, Failures: 0, Errors: 0, Skipped: 0, Time elapsed: 0.005 sec - in net.sourceforge.czt.vcg.z.feasibility.FeasibilityMondexTest
Tests run: 24, Failures: 0, Errors: 0, Skipped: 0, Time elapsed: 1.377 sec - in net.sourceforge.czt.vcg.z.feasibility.FeasibilityTest
Tests run: 24, Failures: 0, Errors: 0, Skipped: 0, Time elapsed: 0.686 sec - in net.sourceforge.czt.vcg.z.refinement.RefinementTest
Tests run: 0, Failures: 0, Errors: 0, Skipped: 0, Time elapsed: 0 sec - in net.sourceforge.czt.vcg.z.refinement.RefinementMondexTest
Tests run: 25, Failures: 0, Errors: 0, Skipped: 0, Time elapsed: 0.323 sec - in net.sourceforge.czt.vcg.util.DefinitionTableTest
Tests run: 0, Failures: 0, Errors: 0, Skipped: 0, Time elapsed: 0 sec - in net.sourceforge.czt.vcg.util.DefinitionTableMondexTest
Tests run: 3, Failures: 0, Errors: 0, Skipped: 0, Time elapsed: 0.047 sec - in net.sourceforge.czt.z2b.BWriterTest
Tests run: 11, Failures: 0, Errors: 0, Skipped: 0, Time elapsed: 2.681 sec - in net.sourceforge.czt.z2b.BTermWriterTest
Tests run: 15, Failures: 0, Errors: 0, Skipped: 0, Time elapsed: 6.868 sec - in net.sourceforge.czt.z2alloy.test.Z2AlloyTest
Tests run: 38, Failures: 0, Errors: 0, Skipped: 0, Time elapsed: 12.805 sec - in net.sourceforge.czt.zeves.CZT2ZEvesPrintingTest
Tests run: 1, Failures: 0, Errors: 1, Skipped: 0, Time elapsed: 133.548 sec <<< FAILURE! - in net.sourceforge.czt.ui.CZTGuiTest
Tests run: 1, Failures: 0, Errors: 0, Skipped: 0, Time elapsed: 0.007 sec - in net.sourceforge.czt.ui.MainTest
